[debug] [2022-11-10T16:22:03.664Z] ----------------------------------------------------------------------
[debug] [2022-11-10T16:22:03.668Z] Command:       C:\Program Files\nodejs\node.exe C:\Users\lenovo\AppData\Roaming\npm\node_modules\firebase-tools\lib\bin\firebase.js -P studentadminportalui-87813 init
[debug] [2022-11-10T16:22:03.670Z] CLI Version:   11.16.0
[debug] [2022-11-10T16:22:03.670Z] Platform:      win32
[debug] [2022-11-10T16:22:03.670Z] Node Version:  v16.13.2
[debug] [2022-11-10T16:22:03.672Z] Time:          Thu Nov 10 2022 21:52:03 GMT+0530 (India Standard Time)
[debug] [2022-11-10T16:22:03.673Z] ----------------------------------------------------------------------
[debug] 
[debug] [2022-11-10T16:22:03.691Z] > command requires scopes: ["email","openid","https://www.googleapis.com/auth/cloudplatformprojects.readonly","https://www.googleapis.com/auth/firebase","https://www.googleapis.com/auth/cloud-platform"]
[debug] [2022-11-10T16:22:03.693Z] > authorizing via signed-in user (sarathcj29@gmail.com)
[info] 
     ######## #### ########  ######## ########     ###     ######  ########
     ##        ##  ##     ## ##       ##     ##  ##   ##  ##       ##
     ######    ##  ########  ######   ########  #########  ######  ######
     ##        ##  ##    ##  ##       ##     ## ##     ##       ## ##
     ##       #### ##     ## ######## ########  ##     ##  ######  ########

You're about to initialize a Firebase project in this directory:

  D:\My Learning\Angular_Net_FullStack\StudentAdminPortal\StudentAdminPortal.UI

[info] 
=== Project Setup
[info] 
[info] First, let's associate this project directory with a Firebase project.
[info] You can create multiple project aliases by running firebase use --add, 
[info] but for now we'll just set up a default project.
[info] 
[debug] [2022-11-10T16:22:15.978Z] Using project from CLI flag: studentadminportalui-87813
[debug] [2022-11-10T16:22:15.984Z] >>> [apiv2][query] GET https://firebase.googleapis.com/v1beta1/projects/studentadminportalui-87813 [none]
[debug] [2022-11-10T16:22:16.829Z] <<< [apiv2][status] GET https://firebase.googleapis.com/v1beta1/projects/studentadminportalui-87813 403
[debug] [2022-11-10T16:22:16.830Z] <<< [apiv2][body] GET https://firebase.googleapis.com/v1beta1/projects/studentadminportalui-87813 {"error":{"code":403,"message":"The caller does not have permission","status":"PERMISSION_DENIED"}}
[debug] [2022-11-10T16:22:16.831Z] HTTP Error: 403, The caller does not have permission
[debug] [2022-11-10T16:22:16.837Z] FirebaseError: HTTP Error: 403, The caller does not have permission
    at responseToError (C:\Users\lenovo\AppData\Roaming\npm\node_modules\firebase-tools\lib\responseToError.js:49:12)
    at RetryOperation._fn (C:\Users\lenovo\AppData\Roaming\npm\node_modules\firebase-tools\lib\apiv2.js:288:77)
    at processTicksAndRejections (node:internal/process/task_queues:96:5)
[error] 
[error] Error: Failed to get Firebase project studentadminportalui-87813. Please make sure the project exists and your account has permission to access it.
